C:\USERS\冯一诚\DOCUMENTS\VISUAL STUDIO 2010\PROJECTS\BIGHOMEWORK\BIGHOMEWORK\DEBUG\BIGHOMEWORK.EXE.EMBED.MANIFEST
C:\USERS\冯一诚\DOCUMENTS\VISUAL STUDIO 2010\PROJECTS\BIGHOMEWORK\BIGHOMEWORK\DEBUG\BIGHOMEWORK.EXE.EMBED.MANIFEST.RES
C:\USERS\冯一诚\DOCUMENTS\VISUAL STUDIO 2010\PROJECTS\BIGHOMEWORK\BIGHOMEWORK\DEBUG\BIGHOMEWORK.EXE.INTERMEDIATE.MANIFEST
C:\Users\冯一诚\Documents\Visual Studio 2010\Projects\BigHomework\BigHomework\Debug\BigHomework.vcxprojResolveAssemblyReference.cache
C:\Users\冯一诚\Documents\Visual Studio 2010\Projects\BigHomework\BigHomework\Debug\BigHomework.write.1.tlog
C:\Users\冯一诚\Documents\Visual Studio 2010\Projects\BigHomework\BigHomework\Debug\BigHomework_manifest.rc
C:\Users\冯一诚\Documents\Visual Studio 2010\Projects\BigHomework\BigHomework\Debug\cl.command.1.tlog
C:\Users\冯一诚\Documents\Visual Studio 2010\Projects\BigHomework\BigHomework\Debug\CL.read.1.tlog
C:\Users\冯一诚\Documents\Visual Studio 2010\Projects\BigHomework\BigHomework\Debug\CL.write.1.tlog
C:\USERS\冯一诚\DOCUMENTS\VISUAL STUDIO 2010\PROJECTS\BIGHOMEWORK\BIGHOMEWORK\DEBUG\GLEE.OBJ
C:\USERS\冯一诚\DOCUMENTS\VISUAL STUDIO 2010\PROJECTS\BIGHOMEWORK\BIGHOMEWORK\DEBUG\GLTOOLS.OBJ
C:\Users\冯一诚\Documents\Visual Studio 2010\Projects\BigHomework\BigHomework\Debug\link.10836.read.1.tlog
C:\Users\冯一诚\Documents\Visual Studio 2010\Projects\BigHomework\BigHomework\Debug\link.10836.write.1.tlog
C:\Users\冯一诚\Documents\Visual Studio 2010\Projects\BigHomework\BigHomework\Debug\link.10836-cvtres.read.1.tlog
C:\Users\冯一诚\Documents\Visual Studio 2010\Projects\BigHomework\BigHomework\Debug\link.10836-cvtres.write.1.tlog
C:\Users\冯一诚\Documents\Visual Studio 2010\Projects\BigHomework\BigHomework\Debug\link.17924.read.1.tlog
C:\Users\冯一诚\Documents\Visual Studio 2010\Projects\BigHomework\BigHomework\Debug\link.17924.write.1.tlog
C:\Users\冯一诚\Documents\Visual Studio 2010\Projects\BigHomework\BigHomework\Debug\link.17924-cvtres.read.1.tlog
C:\Users\冯一诚\Documents\Visual Studio 2010\Projects\BigHomework\BigHomework\Debug\link.17924-cvtres.write.1.tlog
C:\Users\冯一诚\Documents\Visual Studio 2010\Projects\BigHomework\BigHomework\Debug\link.command.1.tlog
C:\Users\冯一诚\Documents\Visual Studio 2010\Projects\BigHomework\BigHomework\Debug\link.read.1.tlog
C:\Users\冯一诚\Documents\Visual Studio 2010\Projects\BigHomework\BigHomework\Debug\link.write.1.tlog
C:\Users\冯一诚\Documents\Visual Studio 2010\Projects\BigHomework\BigHomework\Debug\link-cvtres.read.1.tlog
C:\Users\冯一诚\Documents\Visual Studio 2010\Projects\BigHomework\BigHomework\Debug\link-cvtres.write.1.tlog
C:\USERS\冯一诚\DOCUMENTS\VISUAL STUDIO 2010\PROJECTS\BIGHOMEWORK\BIGHOMEWORK\DEBUG\MATH3D.OBJ
C:\Users\冯一诚\Documents\Visual Studio 2010\Projects\BigHomework\BigHomework\Debug\mt.command.1.tlog
C:\Users\冯一诚\Documents\Visual Studio 2010\Projects\BigHomework\BigHomework\Debug\mt.read.1.tlog
C:\Users\冯一诚\Documents\Visual Studio 2010\Projects\BigHomework\BigHomework\Debug\mt.write.1.tlog
C:\USERS\冯一诚\DOCUMENTS\VISUAL STUDIO 2010\PROJECTS\BIGHOMEWORK\BIGHOMEWORK\DEBUG\MYCLASSROOM.OBJ
C:\Users\冯一诚\Documents\Visual Studio 2010\Projects\BigHomework\BigHomework\Debug\rc.command.1.tlog
C:\Users\冯一诚\Documents\Visual Studio 2010\Projects\BigHomework\BigHomework\Debug\rc.read.1.tlog
C:\Users\冯一诚\Documents\Visual Studio 2010\Projects\BigHomework\BigHomework\Debug\rc.write.1.tlog
C:\Users\冯一诚\Documents\Visual Studio 2010\Projects\BigHomework\BigHomework\Debug\vc100.idb
C:\USERS\冯一诚\DOCUMENTS\VISUAL STUDIO 2010\PROJECTS\BIGHOMEWORK\BIGHOMEWORK\DEBUG\VC100.PDB
C:\USERS\冯一诚\DOCUMENTS\VISUAL STUDIO 2010\PROJECTS\BIGHOMEWORK\DEBUG\BIGHOMEWORK.EXE
C:\USERS\冯一诚\DOCUMENTS\VISUAL STUDIO 2010\PROJECTS\BIGHOMEWORK\DEBUG\BIGHOMEWORK.ILK
C:\USERS\冯一诚\DOCUMENTS\VISUAL STUDIO 2010\PROJECTS\BIGHOMEWORK\DEBUG\BIGHOMEWORK.PDB
