生成启动时间为 2019/5/28 10:34:16。
     1>项目“C:\Users\冯一诚\Documents\Visual Studio 2010\Projects\BigHomework\BigHomework\BigHomework.vcxproj”在节点 2 上(build 个目标)。
     1>InitializeBuildStatus:
         正在创建“Debug\BigHomework.unsuccessfulbuild”，因为已指定“AlwaysCreate”。
       ClCompile:
         C:\Program Files (x86)\Microsoft Visual Studio 10.0\VC\bin\CL.exe /c /ZI /nologo /W3 /WX- /Od /Oy- /D WIN32 /D _DEBUG /D _CONSOLE /D _UNICODE /D UNICODE /Gm /EHsc /RTC1 /MDd /GS /fp:precise /Zc:wchar_t /Zc:forScope /Fo"Debug\\" /Fd"Debug\vc100.pdb" /Gd /TP /analyze- /errorReport:prompt Myclassroom.cpp
         Myclassroom.cpp
     1>c:\users\冯一诚\documents\visual studio 2010\projects\bighomework\bighomework\myclassroom.cpp(542): warning C4996: '_strtime': This function or variable may be unsafe. Consider using _strtime_s instead. To disable deprecation, use _CRT_SECURE_NO_WARNINGS. See online help for details.
                 c:\program files (x86)\microsoft visual studio 10.0\vc\include\time.h(181) : 参见“_strtime”的声明
         所有输出均为最新。
       ManifestResourceCompile:
         所有输出均为最新。
       Link:
         C:\Program Files (x86)\Microsoft Visual Studio 10.0\VC\bin\link.exe /ERRORREPORT:PROMPT /OUT:"C:\Users\冯一诚\Documents\Visual Studio 2010\Projects\BigHomework\Debug\BigHomework.exe" /INCREMENTAL /NOLOGO kernel32.lib user32.lib gdi32.lib winspool.lib comdlg32.lib advapi32.lib shell32.lib ole32.lib oleaut32.lib uuid.lib odbc32.lib odbccp32.lib /MANIFEST /ManifestFile:"Debug\BigHomework.exe.intermediate.manifest" /MANIFESTUAC:"level='asInvoker' uiAccess='false'" /DEBUG /PDB:"C:\Users\冯一诚\Documents\Visual Studio 2010\Projects\BigHomework\Debug\BigHomework.pdb" /SUBSYSTEM:CONSOLE /TLBID:1 /DYNAMICBASE /NXCOMPAT /IMPLIB:"C:\Users\冯一诚\Documents\Visual Studio 2010\Projects\BigHomework\Debug\BigHomework.lib" /MACHINE:X86 Debug\BigHomework.exe.embed.manifest.res
         Debug\Myclassroom.obj
         Debug\GLee.obj
         Debug\gltools.obj
         Debug\math3d.obj
       Manifest:
         C:\Program Files (x86)\Microsoft SDKs\Windows\v7.0A\bin\mt.exe /nologo /verbose /out:"Debug\BigHomework.exe.embed.manifest" /manifest Debug\BigHomework.exe.intermediate.manifest
         所有输出均为最新。
       LinkEmbedManifest:
         所有输出均为最新。
         BigHomework.vcxproj -> C:\Users\冯一诚\Documents\Visual Studio 2010\Projects\BigHomework\Debug\BigHomework.exe
       FinalizeBuildStatus:
         正在删除文件“Debug\BigHomework.unsuccessfulbuild”。
         正在对“Debug\BigHomework.lastbuildstate”执行 Touch 任务。
     1>已完成生成项目“C:\Users\冯一诚\Documents\Visual Studio 2010\Projects\BigHomework\BigHomework\BigHomework.vcxproj”(build 个目标)的操作。

生成成功。

已用时间 00:00:03.58
